The target system is: Arduino -  - 
The host system is: Linux - 4.15.0-54-generic - x86_64
Compiling the C compiler identification source file "CMakeCCompilerId.c" succeeded.
Compiler: /home/shchuko/.user_apps/arduino-1.8.9/hardware/tools/avr/bin/avr-gcc 
Build flags: 
Id flags:  

The output was:
0


Compilation of the C compiler identification source "CMakeCCompilerId.c" produced "a.out"

The C compiler identification is GNU, found in "/home/shchuko/P/Arduino/BusyBoard/src/cmake-build-debug/CMakeFiles/3.14.3/CompilerIdC/a.out"

Compiling the CXX compiler identification source file "CMakeCXXCompilerId.cpp" succeeded.
Compiler: /home/shchuko/.user_apps/arduino-1.8.9/hardware/tools/avr/bin/avr-g++ 
Build flags: 
Id flags:  

The output was:
0


Compilation of the CXX compiler identification source "CMakeCXXCompilerId.cpp" produced "a.out"

The CXX compiler identification is GNU, found in "/home/shchuko/P/Arduino/BusyBoard/src/cmake-build-debug/CMakeFiles/3.14.3/CompilerIdCXX/a.out"

Determining if the C compiler works passed with the following output:
Change Dir: /home/shchuko/P/Arduino/BusyBoard/src/cmake-build-debug/CMakeFiles/CMakeTmp

Run Build Command(s):/usr/bin/make cmTC_bba15/fast 
/usr/bin/make -f CMakeFiles/cmTC_bba15.dir/build.make CMakeFiles/cmTC_bba15.dir/build
make[1]: Entering directory '/home/shchuko/P/Arduino/BusyBoard/src/cmake-build-debug/CMakeFiles/CMakeTmp'
Building C object CMakeFiles/cmTC_bba15.dir/testCCompiler.c.obj
/home/shchuko/.user_apps/arduino-1.8.9/hardware/tools/avr/bin/avr-gcc   -g -Os -w -ffunction-sections -fdata-sections -MMD    -o CMakeFiles/cmTC_bba15.dir/testCCompiler.c.obj   -c /home/shchuko/P/Arduino/BusyBoard/src/cmake-build-debug/CMakeFiles/CMakeTmp/testCCompiler.c
Linking C executable cmTC_bba15
/home/shchuko/.user_apps/clion-2018.3.4/bin/cmake/linux/bin/cmake -E cmake_link_script CMakeFiles/cmTC_bba15.dir/link.txt --verbose=1
/home/shchuko/.user_apps/arduino-1.8.9/hardware/tools/avr/bin/avr-gcc -g -Os -w -ffunction-sections -fdata-sections -MMD   -w -Os -Wl,--gc-sections  CMakeFiles/cmTC_bba15.dir/testCCompiler.c.obj  -o cmTC_bba15 
make[1]: Leaving directory '/home/shchuko/P/Arduino/BusyBoard/src/cmake-build-debug/CMakeFiles/CMakeTmp'


Detecting C compiler ABI info compiled with the following output:
Change Dir: /home/shchuko/P/Arduino/BusyBoard/src/cmake-build-debug/CMakeFiles/CMakeTmp

Run Build Command(s):/usr/bin/make cmTC_2a734/fast 
/usr/bin/make -f CMakeFiles/cmTC_2a734.dir/build.make CMakeFiles/cmTC_2a734.dir/build
make[1]: Entering directory '/home/shchuko/P/Arduino/BusyBoard/src/cmake-build-debug/CMakeFiles/CMakeTmp'
Building C object CMakeFiles/cmTC_2a734.dir/CMakeCCompilerABI.c.obj
/home/shchuko/.user_apps/arduino-1.8.9/hardware/tools/avr/bin/avr-gcc   -g -Os -w -ffunction-sections -fdata-sections -MMD    -v -o CMakeFiles/cmTC_2a734.dir/CMakeCCompilerABI.c.obj   -c /home/shchuko/.user_apps/clion-2018.3.4/bin/cmake/linux/share/cmake-3.14/Modules/CMakeCCompilerABI.c
Using built-in specs.
Reading specs from /home/shchuko/.user_apps/arduino-1.8.9/hardware/tools/avr/bin/../lib/gcc/avr/5.4.0/device-specs/specs-avr2
COLLECT_GCC=/home/shchuko/.user_apps/arduino-1.8.9/hardware/tools/avr/bin/avr-gcc
Target: avr
Configured with: ../gcc/configure --enable-fixed-point --enable-languages=c,c++ --prefix=/home/jenkins/workspace/avr-gcc-staging/label/debian7-x86_64/objdir --disable-nls --disable-libssp --disable-libada --disable-shared --with-avrlibc=yes --with-dwarf2 --disable-doc --target=avr
Thread model: single
gcc version 5.4.0 (GCC) 
COLLECT_GCC_OPTIONS='-g' '-Os' '-w' '-ffunction-sections' '-fdata-sections' '-MMD' '-v' '-o' 'CMakeFiles/cmTC_2a734.dir/CMakeCCompilerABI.c.obj' '-c' '-specs=device-specs/specs-avr2'
 /home/shchuko/.user_apps/arduino-1.8.9/hardware/tools/avr/bin/../libexec/gcc/avr/5.4.0/cc1 -quiet -v -iprefix /home/shchuko/.user_apps/arduino-1.8.9/hardware/tools/avr/bin/../lib/gcc/avr/5.4.0/ -MMD CMakeFiles/cmTC_2a734.dir/CMakeCCompilerABI.c.d -MQ CMakeFiles/cmTC_2a734.dir/CMakeCCompilerABI.c.obj /home/shchuko/.user_apps/clion-2018.3.4/bin/cmake/linux/share/cmake-3.14/Modules/CMakeCCompilerABI.c -mn-flash=1 -mskip-bug -quiet -dumpbase CMakeCCompilerABI.c -auxbase-strip CMakeFiles/cmTC_2a734.dir/CMakeCCompilerABI.c.obj -g -Os -w -version -ffunction-sections -fdata-sections -o /tmp/ccjj1exo.s
GNU C11 (GCC) version 5.4.0 (avr)
	compiled by GNU C version 4.7.2, GMP version 5.0.2, MPFR version 3.0.0, MPC version 0.9
GGC heuristics: --param ggc-min-expand=100 --param ggc-min-heapsize=131072
ignoring nonexistent directory "/home/shchuko/.user_apps/arduino-1.8.9/hardware/tools/avr/bin/../lib/gcc/avr/5.4.0/../../../../avr/sys-include"
ignoring duplicate directory "/home/shchuko/.user_apps/arduino-1.8.9/hardware/tools/avr/bin/../lib/gcc/../../lib/gcc/avr/5.4.0/include"
ignoring duplicate directory "/home/shchuko/.user_apps/arduino-1.8.9/hardware/tools/avr/bin/../lib/gcc/../../lib/gcc/avr/5.4.0/include-fixed"
ignoring nonexistent directory "/home/shchuko/.user_apps/arduino-1.8.9/hardware/tools/avr/bin/../lib/gcc/../../lib/gcc/avr/5.4.0/../../../../avr/sys-include"
ignoring duplicate directory "/home/shchuko/.user_apps/arduino-1.8.9/hardware/tools/avr/bin/../lib/gcc/../../lib/gcc/avr/5.4.0/../../../../avr/include"
#include "..." search starts here:
#include <...> search starts here:
 /home/shchuko/.user_apps/arduino-1.8.9/hardware/tools/avr/bin/../lib/gcc/avr/5.4.0/include
 /home/shchuko/.user_apps/arduino-1.8.9/hardware/tools/avr/bin/../lib/gcc/avr/5.4.0/include-fixed
 /home/shchuko/.user_apps/arduino-1.8.9/hardware/tools/avr/bin/../lib/gcc/avr/5.4.0/../../../../avr/include
End of search list.
GNU C11 (GCC) version 5.4.0 (avr)
	compiled by GNU C version 4.7.2, GMP version 5.0.2, MPFR version 3.0.0, MPC version 0.9
GGC heuristics: --param ggc-min-expand=100 --param ggc-min-heapsize=131072
Compiler executable checksum: f5d8cea1c47b4bee125131f132d8a042
COLLECT_GCC_OPTIONS='-g' '-Os' '-w' '-ffunction-sections' '-fdata-sections' '-MMD' '-v' '-o' 'CMakeFiles/cmTC_2a734.dir/CMakeCCompilerABI.c.obj' '-c' '-specs=device-specs/specs-avr2'
 /home/shchuko/.user_apps/arduino-1.8.9/hardware/tools/avr/bin/../lib/gcc/avr/5.4.0/../../../../avr/bin/as -mmcu=avr2 -o CMakeFiles/cmTC_2a734.dir/CMakeCCompilerABI.c.obj /tmp/ccjj1exo.s
COMPILER_PATH=/home/shchuko/.user_apps/arduino-1.8.9/hardware/tools/avr/bin/../libexec/gcc/avr/5.4.0/:/home/shchuko/.user_apps/arduino-1.8.9/hardware/tools/avr/bin/../libexec/gcc/:/home/shchuko/.user_apps/arduino-1.8.9/hardware/tools/avr/bin/../lib/gcc/avr/5.4.0/../../../../avr/bin/
LIBRARY_PATH=/home/shchuko/.user_apps/arduino-1.8.9/hardware/tools/avr/bin/../lib/gcc/avr/5.4.0/:/home/shchuko/.user_apps/arduino-1.8.9/hardware/tools/avr/bin/../lib/gcc/:/home/shchuko/.user_apps/arduino-1.8.9/hardware/tools/avr/bin/../lib/gcc/avr/5.4.0/../../../../avr/lib/
COLLECT_GCC_OPTIONS='-g' '-Os' '-w' '-ffunction-sections' '-fdata-sections' '-MMD' '-v' '-o' 'CMakeFiles/cmTC_2a734.dir/CMakeCCompilerABI.c.obj' '-c' '-specs=device-specs/specs-avr2'
Linking C executable cmTC_2a734
/home/shchuko/.user_apps/clion-2018.3.4/bin/cmake/linux/bin/cmake -E cmake_link_script CMakeFiles/cmTC_2a734.dir/link.txt --verbose=1
/home/shchuko/.user_apps/arduino-1.8.9/hardware/tools/avr/bin/avr-gcc -g -Os -w -ffunction-sections -fdata-sections -MMD   -w -Os -Wl,--gc-sections -v CMakeFiles/cmTC_2a734.dir/CMakeCCompilerABI.c.obj  -o cmTC_2a734 
Using built-in specs.
Reading specs from /home/shchuko/.user_apps/arduino-1.8.9/hardware/tools/avr/bin/../lib/gcc/avr/5.4.0/device-specs/specs-avr2
COLLECT_GCC=/home/shchuko/.user_apps/arduino-1.8.9/hardware/tools/avr/bin/avr-gcc
COLLECT_LTO_WRAPPER=/home/shchuko/.user_apps/arduino-1.8.9/hardware/tools/avr/bin/../libexec/gcc/avr/5.4.0/lto-wrapper
Target: avr
Configured with: ../gcc/configure --enable-fixed-point --enable-languages=c,c++ --prefix=/home/jenkins/workspace/avr-gcc-staging/label/debian7-x86_64/objdir --disable-nls --disable-libssp --disable-libada --disable-shared --with-avrlibc=yes --with-dwarf2 --disable-doc --target=avr
Thread model: single
gcc version 5.4.0 (GCC) 
COMPILER_PATH=/home/shchuko/.user_apps/arduino-1.8.9/hardware/tools/avr/bin/../libexec/gcc/avr/5.4.0/:/home/shchuko/.user_apps/arduino-1.8.9/hardware/tools/avr/bin/../libexec/gcc/:/home/shchuko/.user_apps/arduino-1.8.9/hardware/tools/avr/bin/../lib/gcc/avr/5.4.0/../../../../avr/bin/
LIBRARY_PATH=/home/shchuko/.user_apps/arduino-1.8.9/hardware/tools/avr/bin/../lib/gcc/avr/5.4.0/:/home/shchuko/.user_apps/arduino-1.8.9/hardware/tools/avr/bin/../lib/gcc/:/home/shchuko/.user_apps/arduino-1.8.9/hardware/tools/avr/bin/../lib/gcc/avr/5.4.0/../../../../avr/lib/
COLLECT_GCC_OPTIONS='-g' '-Os' '-w' '-ffunction-sections' '-fdata-sections' '-MMD' '-w' '-Os' '-v' '-o' 'cmTC_2a734' '-specs=device-specs/specs-avr2'
 /home/shchuko/.user_apps/arduino-1.8.9/hardware/tools/avr/bin/../libexec/gcc/avr/5.4.0/collect2 -plugin /home/shchuko/.user_apps/arduino-1.8.9/hardware/tools/avr/bin/../libexec/gcc/avr/5.4.0/liblto_plugin.so -plugin-opt=/home/shchuko/.user_apps/arduino-1.8.9/hardware/tools/avr/bin/../libexec/gcc/avr/5.4.0/lto-wrapper -plugin-opt=-fresolution=/tmp/ccMZbAJo.res -plugin-opt=-pass-through=-lgcc -plugin-opt=-pass-through=-lm -plugin-opt=-pass-through=-lc --pmem-wrap-around=8k -o cmTC_2a734 -L/home/shchuko/.user_apps/arduino-1.8.9/hardware/tools/avr/bin/../lib/gcc/avr/5.4.0 -L/home/shchuko/.user_apps/arduino-1.8.9/hardware/tools/avr/bin/../lib/gcc -L/home/shchuko/.user_apps/arduino-1.8.9/hardware/tools/avr/bin/../lib/gcc/avr/5.4.0/../../../../avr/lib --gc-sections CMakeFiles/cmTC_2a734.dir/CMakeCCompilerABI.c.obj --start-group -lgcc -lm -lc --end-group
make[1]: Leaving directory '/home/shchuko/P/Arduino/BusyBoard/src/cmake-build-debug/CMakeFiles/CMakeTmp'


Parsed C implicit include dir info from above output: rv=done
  found start of include info
  found start of implicit include info
    add: [/home/shchuko/.user_apps/arduino-1.8.9/hardware/tools/avr/bin/../lib/gcc/avr/5.4.0/include]
    add: [/home/shchuko/.user_apps/arduino-1.8.9/hardware/tools/avr/bin/../lib/gcc/avr/5.4.0/include-fixed]
    add: [/home/shchuko/.user_apps/arduino-1.8.9/hardware/tools/avr/bin/../lib/gcc/avr/5.4.0/../../../../avr/include]
  end of search list found
  collapse include dir [/home/shchuko/.user_apps/arduino-1.8.9/hardware/tools/avr/bin/../lib/gcc/avr/5.4.0/include] ==> [/home/shchuko/.user_apps/arduino-1.8.9/hardware/tools/avr/lib/gcc/avr/5.4.0/include]
  collapse include dir [/home/shchuko/.user_apps/arduino-1.8.9/hardware/tools/avr/bin/../lib/gcc/avr/5.4.0/include-fixed] ==> [/home/shchuko/.user_apps/arduino-1.8.9/hardware/tools/avr/lib/gcc/avr/5.4.0/include-fixed]
  collapse include dir [/home/shchuko/.user_apps/arduino-1.8.9/hardware/tools/avr/bin/../lib/gcc/avr/5.4.0/../../../../avr/include] ==> [/home/shchuko/.user_apps/arduino-1.8.9/hardware/tools/avr/avr/include]
  implicit include dirs: [/home/shchuko/.user_apps/arduino-1.8.9/hardware/tools/avr/lib/gcc/avr/5.4.0/include;/home/shchuko/.user_apps/arduino-1.8.9/hardware/tools/avr/lib/gcc/avr/5.4.0/include-fixed;/home/shchuko/.user_apps/arduino-1.8.9/hardware/tools/avr/avr/include]


Parsed C implicit link information from above output:
  link line regex: [^( *|.*[/\])(avr-ld|CMAKE_LINK_STARTFILE-NOTFOUND|([^/\]+-)?ld|collect2)[^/\]*( |$)]
  ignore line: [Change Dir: /home/shchuko/P/Arduino/BusyBoard/src/cmake-build-debug/CMakeFiles/CMakeTmp]
  ignore line: []
  ignore line: [Run Build Command(s):/usr/bin/make cmTC_2a734/fast ]
  ignore line: [/usr/bin/make -f CMakeFiles/cmTC_2a734.dir/build.make CMakeFiles/cmTC_2a734.dir/build]
  ignore line: [make[1]: Entering directory '/home/shchuko/P/Arduino/BusyBoard/src/cmake-build-debug/CMakeFiles/CMakeTmp']
  ignore line: [Building C object CMakeFiles/cmTC_2a734.dir/CMakeCCompilerABI.c.obj]
  ignore line: [/home/shchuko/.user_apps/arduino-1.8.9/hardware/tools/avr/bin/avr-gcc   -g -Os -w -ffunction-sections -fdata-sections -MMD    -v -o CMakeFiles/cmTC_2a734.dir/CMakeCCompilerABI.c.obj   -c /home/shchuko/.user_apps/clion-2018.3.4/bin/cmake/linux/share/cmake-3.14/Modules/CMakeCCompilerABI.c]
  ignore line: [Using built-in specs.]
  ignore line: [Reading specs from /home/shchuko/.user_apps/arduino-1.8.9/hardware/tools/avr/bin/../lib/gcc/avr/5.4.0/device-specs/specs-avr2]
  ignore line: [COLLECT_GCC=/home/shchuko/.user_apps/arduino-1.8.9/hardware/tools/avr/bin/avr-gcc]
  ignore line: [Target: avr]
  ignore line: [Configured with: ../gcc/configure --enable-fixed-point --enable-languages=c,c++ --prefix=/home/jenkins/workspace/avr-gcc-staging/label/debian7-x86_64/objdir --disable-nls --disable-libssp --disable-libada --disable-shared --with-avrlibc=yes --with-dwarf2 --disable-doc --target=avr]
  ignore line: [Thread model: single]
  ignore line: [gcc version 5.4.0 (GCC) ]
  ignore line: [COLLECT_GCC_OPTIONS='-g' '-Os' '-w' '-ffunction-sections' '-fdata-sections' '-MMD' '-v' '-o' 'CMakeFiles/cmTC_2a734.dir/CMakeCCompilerABI.c.obj' '-c' '-specs=device-specs/specs-avr2']
  ignore line: [ /home/shchuko/.user_apps/arduino-1.8.9/hardware/tools/avr/bin/../libexec/gcc/avr/5.4.0/cc1 -quiet -v -iprefix /home/shchuko/.user_apps/arduino-1.8.9/hardware/tools/avr/bin/../lib/gcc/avr/5.4.0/ -MMD CMakeFiles/cmTC_2a734.dir/CMakeCCompilerABI.c.d -MQ CMakeFiles/cmTC_2a734.dir/CMakeCCompilerABI.c.obj /home/shchuko/.user_apps/clion-2018.3.4/bin/cmake/linux/share/cmake-3.14/Modules/CMakeCCompilerABI.c -mn-flash=1 -mskip-bug -quiet -dumpbase CMakeCCompilerABI.c -auxbase-strip CMakeFiles/cmTC_2a734.dir/CMakeCCompilerABI.c.obj -g -Os -w -version -ffunction-sections -fdata-sections -o /tmp/ccjj1exo.s]
  ignore line: [GNU C11 (GCC) version 5.4.0 (avr)]
  ignore line: [	compiled by GNU C version 4.7.2, GMP version 5.0.2, MPFR version 3.0.0, MPC version 0.9]
  ignore line: [GGC heuristics: --param ggc-min-expand=100 --param ggc-min-heapsize=131072]
  ignore line: [ignoring nonexistent directory "/home/shchuko/.user_apps/arduino-1.8.9/hardware/tools/avr/bin/../lib/gcc/avr/5.4.0/../../../../avr/sys-include"]
  ignore line: [ignoring duplicate directory "/home/shchuko/.user_apps/arduino-1.8.9/hardware/tools/avr/bin/../lib/gcc/../../lib/gcc/avr/5.4.0/include"]
  ignore line: [ignoring duplicate directory "/home/shchuko/.user_apps/arduino-1.8.9/hardware/tools/avr/bin/../lib/gcc/../../lib/gcc/avr/5.4.0/include-fixed"]
  ignore line: [ignoring nonexistent directory "/home/shchuko/.user_apps/arduino-1.8.9/hardware/tools/avr/bin/../lib/gcc/../../lib/gcc/avr/5.4.0/../../../../avr/sys-include"]
  ignore line: [ignoring duplicate directory "/home/shchuko/.user_apps/arduino-1.8.9/hardware/tools/avr/bin/../lib/gcc/../../lib/gcc/avr/5.4.0/../../../../avr/include"]
  ignore line: [#include "..." search starts here:]
  ignore line: [#include <...> search starts here:]
  ignore line: [ /home/shchuko/.user_apps/arduino-1.8.9/hardware/tools/avr/bin/../lib/gcc/avr/5.4.0/include]
  ignore line: [ /home/shchuko/.user_apps/arduino-1.8.9/hardware/tools/avr/bin/../lib/gcc/avr/5.4.0/include-fixed]
  ignore line: [ /home/shchuko/.user_apps/arduino-1.8.9/hardware/tools/avr/bin/../lib/gcc/avr/5.4.0/../../../../avr/include]
  ignore line: [End of search list.]
  ignore line: [GNU C11 (GCC) version 5.4.0 (avr)]
  ignore line: [	compiled by GNU C version 4.7.2, GMP version 5.0.2, MPFR version 3.0.0, MPC version 0.9]
  ignore line: [GGC heuristics: --param ggc-min-expand=100 --param ggc-min-heapsize=131072]
  ignore line: [Compiler executable checksum: f5d8cea1c47b4bee125131f132d8a042]
  ignore line: [COLLECT_GCC_OPTIONS='-g' '-Os' '-w' '-ffunction-sections' '-fdata-sections' '-MMD' '-v' '-o' 'CMakeFiles/cmTC_2a734.dir/CMakeCCompilerABI.c.obj' '-c' '-specs=device-specs/specs-avr2']
  ignore line: [ /home/shchuko/.user_apps/arduino-1.8.9/hardware/tools/avr/bin/../lib/gcc/avr/5.4.0/../../../../avr/bin/as -mmcu=avr2 -o CMakeFiles/cmTC_2a734.dir/CMakeCCompilerABI.c.obj /tmp/ccjj1exo.s]
  ignore line: [COMPILER_PATH=/home/shchuko/.user_apps/arduino-1.8.9/hardware/tools/avr/bin/../libexec/gcc/avr/5.4.0/:/home/shchuko/.user_apps/arduino-1.8.9/hardware/tools/avr/bin/../libexec/gcc/:/home/shchuko/.user_apps/arduino-1.8.9/hardware/tools/avr/bin/../lib/gcc/avr/5.4.0/../../../../avr/bin/]
  ignore line: [LIBRARY_PATH=/home/shchuko/.user_apps/arduino-1.8.9/hardware/tools/avr/bin/../lib/gcc/avr/5.4.0/:/home/shchuko/.user_apps/arduino-1.8.9/hardware/tools/avr/bin/../lib/gcc/:/home/shchuko/.user_apps/arduino-1.8.9/hardware/tools/avr/bin/../lib/gcc/avr/5.4.0/../../../../avr/lib/]
  ignore line: [COLLECT_GCC_OPTIONS='-g' '-Os' '-w' '-ffunction-sections' '-fdata-sections' '-MMD' '-v' '-o' 'CMakeFiles/cmTC_2a734.dir/CMakeCCompilerABI.c.obj' '-c' '-specs=device-specs/specs-avr2']
  ignore line: [Linking C executable cmTC_2a734]
  ignore line: [/home/shchuko/.user_apps/clion-2018.3.4/bin/cmake/linux/bin/cmake -E cmake_link_script CMakeFiles/cmTC_2a734.dir/link.txt --verbose=1]
  ignore line: [/home/shchuko/.user_apps/arduino-1.8.9/hardware/tools/avr/bin/avr-gcc -g -Os -w -ffunction-sections -fdata-sections -MMD   -w -Os -Wl,--gc-sections -v CMakeFiles/cmTC_2a734.dir/CMakeCCompilerABI.c.obj  -o cmTC_2a734 ]
  ignore line: [Using built-in specs.]
  ignore line: [Reading specs from /home/shchuko/.user_apps/arduino-1.8.9/hardware/tools/avr/bin/../lib/gcc/avr/5.4.0/device-specs/specs-avr2]
  ignore line: [COLLECT_GCC=/home/shchuko/.user_apps/arduino-1.8.9/hardware/tools/avr/bin/avr-gcc]
  ignore line: [COLLECT_LTO_WRAPPER=/home/shchuko/.user_apps/arduino-1.8.9/hardware/tools/avr/bin/../libexec/gcc/avr/5.4.0/lto-wrapper]
  ignore line: [Target: avr]
  ignore line: [Configured with: ../gcc/configure --enable-fixed-point --enable-languages=c,c++ --prefix=/home/jenkins/workspace/avr-gcc-staging/label/debian7-x86_64/objdir --disable-nls --disable-libssp --disable-libada --disable-shared --with-avrlibc=yes --with-dwarf2 --disable-doc --target=avr]
  ignore line: [Thread model: single]
  ignore line: [gcc version 5.4.0 (GCC) ]
  ignore line: [COMPILER_PATH=/home/shchuko/.user_apps/arduino-1.8.9/hardware/tools/avr/bin/../libexec/gcc/avr/5.4.0/:/home/shchuko/.user_apps/arduino-1.8.9/hardware/tools/avr/bin/../libexec/gcc/:/home/shchuko/.user_apps/arduino-1.8.9/hardware/tools/avr/bin/../lib/gcc/avr/5.4.0/../../../../avr/bin/]
  ignore line: [LIBRARY_PATH=/home/shchuko/.user_apps/arduino-1.8.9/hardware/tools/avr/bin/../lib/gcc/avr/5.4.0/:/home/shchuko/.user_apps/arduino-1.8.9/hardware/tools/avr/bin/../lib/gcc/:/home/shchuko/.user_apps/arduino-1.8.9/hardware/tools/avr/bin/../lib/gcc/avr/5.4.0/../../../../avr/lib/]
  ignore line: [COLLECT_GCC_OPTIONS='-g' '-Os' '-w' '-ffunction-sections' '-fdata-sections' '-MMD' '-w' '-Os' '-v' '-o' 'cmTC_2a734' '-specs=device-specs/specs-avr2']
  link line: [ /home/shchuko/.user_apps/arduino-1.8.9/hardware/tools/avr/bin/../libexec/gcc/avr/5.4.0/collect2 -plugin /home/shchuko/.user_apps/arduino-1.8.9/hardware/tools/avr/bin/../libexec/gcc/avr/5.4.0/liblto_plugin.so -plugin-opt=/home/shchuko/.user_apps/arduino-1.8.9/hardware/tools/avr/bin/../libexec/gcc/avr/5.4.0/lto-wrapper -plugin-opt=-fresolution=/tmp/ccMZbAJo.res -plugin-opt=-pass-through=-lgcc -plugin-opt=-pass-through=-lm -plugin-opt=-pass-through=-lc --pmem-wrap-around=8k -o cmTC_2a734 -L/home/shchuko/.user_apps/arduino-1.8.9/hardware/tools/avr/bin/../lib/gcc/avr/5.4.0 -L/home/shchuko/.user_apps/arduino-1.8.9/hardware/tools/avr/bin/../lib/gcc -L/home/shchuko/.user_apps/arduino-1.8.9/hardware/tools/avr/bin/../lib/gcc/avr/5.4.0/../../../../avr/lib --gc-sections CMakeFiles/cmTC_2a734.dir/CMakeCCompilerABI.c.obj --start-group -lgcc -lm -lc --end-group]
    arg [/home/shchuko/.user_apps/arduino-1.8.9/hardware/tools/avr/bin/../libexec/gcc/avr/5.4.0/collect2] ==> ignore
    arg [-plugin] ==> ignore
    arg [/home/shchuko/.user_apps/arduino-1.8.9/hardware/tools/avr/bin/../libexec/gcc/avr/5.4.0/liblto_plugin.so] ==> ignore
    arg [-plugin-opt=/home/shchuko/.user_apps/arduino-1.8.9/hardware/tools/avr/bin/../libexec/gcc/avr/5.4.0/lto-wrapper] ==> ignore
    arg [-plugin-opt=-fresolution=/tmp/ccMZbAJo.res] ==> ignore
    arg [-plugin-opt=-pass-through=-lgcc] ==> ignore
    arg [-plugin-opt=-pass-through=-lm] ==> ignore
    arg [-plugin-opt=-pass-through=-lc] ==> ignore
    arg [--pmem-wrap-around=8k] ==> ignore
    arg [-o] ==> ignore
    arg [cmTC_2a734] ==> ignore
    arg [-L/home/shchuko/.user_apps/arduino-1.8.9/hardware/tools/avr/bin/../lib/gcc/avr/5.4.0] ==> dir [/home/shchuko/.user_apps/arduino-1.8.9/hardware/tools/avr/bin/../lib/gcc/avr/5.4.0]
    arg [-L/home/shchuko/.user_apps/arduino-1.8.9/hardware/tools/avr/bin/../lib/gcc] ==> dir [/home/shchuko/.user_apps/arduino-1.8.9/hardware/tools/avr/bin/../lib/gcc]
    arg [-L/home/shchuko/.user_apps/arduino-1.8.9/hardware/tools/avr/bin/../lib/gcc/avr/5.4.0/../../../../avr/lib] ==> dir [/home/shchuko/.user_apps/arduino-1.8.9/hardware/tools/avr/bin/../lib/gcc/avr/5.4.0/../../../../avr/lib]
    arg [--gc-sections] ==> ignore
    arg [CMakeFiles/cmTC_2a734.dir/CMakeCCompilerABI.c.obj] ==> ignore
    arg [--start-group] ==> ignore
    arg [-lgcc] ==> lib [gcc]
    arg [-lm] ==> lib [m]
    arg [-lc] ==> lib [c]
    arg [--end-group] ==> ignore
  collapse library dir [/home/shchuko/.user_apps/arduino-1.8.9/hardware/tools/avr/bin/../lib/gcc/avr/5.4.0] ==> [/home/shchuko/.user_apps/arduino-1.8.9/hardware/tools/avr/lib/gcc/avr/5.4.0]
  collapse library dir [/home/shchuko/.user_apps/arduino-1.8.9/hardware/tools/avr/bin/../lib/gcc] ==> [/home/shchuko/.user_apps/arduino-1.8.9/hardware/tools/avr/lib/gcc]
  collapse library dir [/home/shchuko/.user_apps/arduino-1.8.9/hardware/tools/avr/bin/../lib/gcc/avr/5.4.0/../../../../avr/lib] ==> [/home/shchuko/.user_apps/arduino-1.8.9/hardware/tools/avr/avr/lib]
  implicit libs: [gcc;m;c]
  implicit dirs: [/home/shchuko/.user_apps/arduino-1.8.9/hardware/tools/avr/lib/gcc/avr/5.4.0;/home/shchuko/.user_apps/arduino-1.8.9/hardware/tools/avr/lib/gcc;/home/shchuko/.user_apps/arduino-1.8.9/hardware/tools/avr/avr/lib]
  implicit fwks: []




Detecting C [-std=c11] compiler features compiled with the following output:
Change Dir: /home/shchuko/P/Arduino/BusyBoard/src/cmake-build-debug/CMakeFiles/CMakeTmp

Run Build Command(s):/usr/bin/make cmTC_80227/fast 
/usr/bin/make -f CMakeFiles/cmTC_80227.dir/build.make CMakeFiles/cmTC_80227.dir/build
make[1]: Entering directory '/home/shchuko/P/Arduino/BusyBoard/src/cmake-build-debug/CMakeFiles/CMakeTmp'
Building C object CMakeFiles/cmTC_80227.dir/feature_tests.c.obj
/home/shchuko/.user_apps/arduino-1.8.9/hardware/tools/avr/bin/avr-gcc   -g -Os -w -ffunction-sections -fdata-sections -MMD    -std=c11 -o CMakeFiles/cmTC_80227.dir/feature_tests.c.obj   -c /home/shchuko/P/Arduino/BusyBoard/src/cmake-build-debug/CMakeFiles/feature_tests.c
Linking C executable cmTC_80227
/home/shchuko/.user_apps/clion-2018.3.4/bin/cmake/linux/bin/cmake -E cmake_link_script CMakeFiles/cmTC_80227.dir/link.txt --verbose=1
/home/shchuko/.user_apps/arduino-1.8.9/hardware/tools/avr/bin/avr-gcc -g -Os -w -ffunction-sections -fdata-sections -MMD   -w -Os -Wl,--gc-sections  CMakeFiles/cmTC_80227.dir/feature_tests.c.obj  -o cmTC_80227 
make[1]: Leaving directory '/home/shchuko/P/Arduino/BusyBoard/src/cmake-build-debug/CMakeFiles/CMakeTmp'




Detecting C [-std=c99] compiler features compiled with the following output:
Change Dir: /home/shchuko/P/Arduino/BusyBoard/src/cmake-build-debug/CMakeFiles/CMakeTmp

Run Build Command(s):/usr/bin/make cmTC_061a0/fast 
/usr/bin/make -f CMakeFiles/cmTC_061a0.dir/build.make CMakeFiles/cmTC_061a0.dir/build
make[1]: Entering directory '/home/shchuko/P/Arduino/BusyBoard/src/cmake-build-debug/CMakeFiles/CMakeTmp'
Building C object CMakeFiles/cmTC_061a0.dir/feature_tests.c.obj
/home/shchuko/.user_apps/arduino-1.8.9/hardware/tools/avr/bin/avr-gcc   -g -Os -w -ffunction-sections -fdata-sections -MMD    -std=c99 -o CMakeFiles/cmTC_061a0.dir/feature_tests.c.obj   -c /home/shchuko/P/Arduino/BusyBoard/src/cmake-build-debug/CMakeFiles/feature_tests.c
Linking C executable cmTC_061a0
/home/shchuko/.user_apps/clion-2018.3.4/bin/cmake/linux/bin/cmake -E cmake_link_script CMakeFiles/cmTC_061a0.dir/link.txt --verbose=1
/home/shchuko/.user_apps/arduino-1.8.9/hardware/tools/avr/bin/avr-gcc -g -Os -w -ffunction-sections -fdata-sections -MMD   -w -Os -Wl,--gc-sections  CMakeFiles/cmTC_061a0.dir/feature_tests.c.obj  -o cmTC_061a0 
make[1]: Leaving directory '/home/shchuko/P/Arduino/BusyBoard/src/cmake-build-debug/CMakeFiles/CMakeTmp'




Detecting C [-std=c90] compiler features compiled with the following output:
Change Dir: /home/shchuko/P/Arduino/BusyBoard/src/cmake-build-debug/CMakeFiles/CMakeTmp

Run Build Command(s):/usr/bin/make cmTC_a2d6f/fast 
/usr/bin/make -f CMakeFiles/cmTC_a2d6f.dir/build.make CMakeFiles/cmTC_a2d6f.dir/build
make[1]: Entering directory '/home/shchuko/P/Arduino/BusyBoard/src/cmake-build-debug/CMakeFiles/CMakeTmp'
Building C object CMakeFiles/cmTC_a2d6f.dir/feature_tests.c.obj
/home/shchuko/.user_apps/arduino-1.8.9/hardware/tools/avr/bin/avr-gcc   -g -Os -w -ffunction-sections -fdata-sections -MMD    -std=c90 -o CMakeFiles/cmTC_a2d6f.dir/feature_tests.c.obj   -c /home/shchuko/P/Arduino/BusyBoard/src/cmake-build-debug/CMakeFiles/feature_tests.c
Linking C executable cmTC_a2d6f
/home/shchuko/.user_apps/clion-2018.3.4/bin/cmake/linux/bin/cmake -E cmake_link_script CMakeFiles/cmTC_a2d6f.dir/link.txt --verbose=1
/home/shchuko/.user_apps/arduino-1.8.9/hardware/tools/avr/bin/avr-gcc -g -Os -w -ffunction-sections -fdata-sections -MMD   -w -Os -Wl,--gc-sections  CMakeFiles/cmTC_a2d6f.dir/feature_tests.c.obj  -o cmTC_a2d6f 
make[1]: Leaving directory '/home/shchuko/P/Arduino/BusyBoard/src/cmake-build-debug/CMakeFiles/CMakeTmp'


Determining if the CXX compiler works passed with the following output:
Change Dir: /home/shchuko/P/Arduino/BusyBoard/src/cmake-build-debug/CMakeFiles/CMakeTmp

Run Build Command(s):/usr/bin/make cmTC_f886c/fast 
/usr/bin/make -f CMakeFiles/cmTC_f886c.dir/build.make CMakeFiles/cmTC_f886c.dir/build
make[1]: Entering directory '/home/shchuko/P/Arduino/BusyBoard/src/cmake-build-debug/CMakeFiles/CMakeTmp'
Building CXX object CMakeFiles/cmTC_f886c.dir/testCXXCompiler.cxx.obj
/home/shchuko/.user_apps/arduino-1.8.9/hardware/tools/avr/bin/avr-g++    -g -Os -w -fno-exceptions -ffunction-sections -fdata-sections -fno-threadsafe-statics -MMD    -o CMakeFiles/cmTC_f886c.dir/testCXXCompiler.cxx.obj -c /home/shchuko/P/Arduino/BusyBoard/src/cmake-build-debug/CMakeFiles/CMakeTmp/testCXXCompiler.cxx
Linking CXX executable cmTC_f886c
/home/shchuko/.user_apps/clion-2018.3.4/bin/cmake/linux/bin/cmake -E cmake_link_script CMakeFiles/cmTC_f886c.dir/link.txt --verbose=1
/home/shchuko/.user_apps/arduino-1.8.9/hardware/tools/avr/bin/avr-g++  -g -Os -w -fno-exceptions -ffunction-sections -fdata-sections -fno-threadsafe-statics -MMD   -w -Os -Wl,--gc-sections  CMakeFiles/cmTC_f886c.dir/testCXXCompiler.cxx.obj  -o cmTC_f886c 
make[1]: Leaving directory '/home/shchuko/P/Arduino/BusyBoard/src/cmake-build-debug/CMakeFiles/CMakeTmp'


Detecting CXX compiler ABI info compiled with the following output:
Change Dir: /home/shchuko/P/Arduino/BusyBoard/src/cmake-build-debug/CMakeFiles/CMakeTmp

Run Build Command(s):/usr/bin/make cmTC_a67c3/fast 
/usr/bin/make -f CMakeFiles/cmTC_a67c3.dir/build.make CMakeFiles/cmTC_a67c3.dir/build
make[1]: Entering directory '/home/shchuko/P/Arduino/BusyBoard/src/cmake-build-debug/CMakeFiles/CMakeTmp'
Building CXX object CMakeFiles/cmTC_a67c3.dir/CMakeCXXCompilerABI.cpp.obj
/home/shchuko/.user_apps/arduino-1.8.9/hardware/tools/avr/bin/avr-g++    -g -Os -w -fno-exceptions -ffunction-sections -fdata-sections -fno-threadsafe-statics -MMD    -v -o CMakeFiles/cmTC_a67c3.dir/CMakeCXXCompilerABI.cpp.obj -c /home/shchuko/.user_apps/clion-2018.3.4/bin/cmake/linux/share/cmake-3.14/Modules/CMakeCXXCompilerABI.cpp
Using built-in specs.
Reading specs from /home/shchuko/.user_apps/arduino-1.8.9/hardware/tools/avr/bin/../lib/gcc/avr/5.4.0/device-specs/specs-avr2
COLLECT_GCC=/home/shchuko/.user_apps/arduino-1.8.9/hardware/tools/avr/bin/avr-g++
Target: avr
Configured with: ../gcc/configure --enable-fixed-point --enable-languages=c,c++ --prefix=/home/jenkins/workspace/avr-gcc-staging/label/debian7-x86_64/objdir --disable-nls --disable-libssp --disable-libada --disable-shared --with-avrlibc=yes --with-dwarf2 --disable-doc --target=avr
Thread model: single
gcc version 5.4.0 (GCC) 
COLLECT_GCC_OPTIONS='-g' '-Os' '-w' '-fno-exceptions' '-ffunction-sections' '-fdata-sections' '-fno-threadsafe-statics' '-MMD' '-v' '-o' 'CMakeFiles/cmTC_a67c3.dir/CMakeCXXCompilerABI.cpp.obj' '-c' '-specs=device-specs/specs-avr2'
 /home/shchuko/.user_apps/arduino-1.8.9/hardware/tools/avr/bin/../libexec/gcc/avr/5.4.0/cc1plus -quiet -v -iprefix /home/shchuko/.user_apps/arduino-1.8.9/hardware/tools/avr/bin/../lib/gcc/avr/5.4.0/ -MMD CMakeFiles/cmTC_a67c3.dir/CMakeCXXCompilerABI.cpp.d -MQ CMakeFiles/cmTC_a67c3.dir/CMakeCXXCompilerABI.cpp.obj /home/shchuko/.user_apps/clion-2018.3.4/bin/cmake/linux/share/cmake-3.14/Modules/CMakeCXXCompilerABI.cpp -mn-flash=1 -mskip-bug -quiet -dumpbase CMakeCXXCompilerABI.cpp -auxbase-strip CMakeFiles/cmTC_a67c3.dir/CMakeCXXCompilerABI.cpp.obj -g -Os -w -version -fno-exceptions -ffunction-sections -fdata-sections -fno-threadsafe-statics -mn-flash=1 -mskip-bug -fno-rtti -fno-enforce-eh-specs -fno-exceptions -o /tmp/ccmCxXL7.s
GNU C++ (GCC) version 5.4.0 (avr)
	compiled by GNU C version 4.7.2, GMP version 5.0.2, MPFR version 3.0.0, MPC version 0.9
GGC heuristics: --param ggc-min-expand=100 --param ggc-min-heapsize=131072
ignoring nonexistent directory "/home/shchuko/.user_apps/arduino-1.8.9/hardware/tools/avr/bin/../lib/gcc/avr/5.4.0/../../../../avr/include/c++/5.4.0"
ignoring nonexistent directory "/home/shchuko/.user_apps/arduino-1.8.9/hardware/tools/avr/bin/../lib/gcc/avr/5.4.0/../../../../avr/include/c++/5.4.0/avr"
ignoring nonexistent directory "/home/shchuko/.user_apps/arduino-1.8.9/hardware/tools/avr/bin/../lib/gcc/avr/5.4.0/../../../../avr/include/c++/5.4.0/backward"
ignoring nonexistent directory "/home/shchuko/.user_apps/arduino-1.8.9/hardware/tools/avr/bin/../lib/gcc/avr/5.4.0/../../../../avr/sys-include"
ignoring nonexistent directory "/home/shchuko/.user_apps/arduino-1.8.9/hardware/tools/avr/bin/../lib/gcc/../../lib/gcc/avr/5.4.0/../../../../avr/include/c++/5.4.0"
ignoring nonexistent directory "/home/shchuko/.user_apps/arduino-1.8.9/hardware/tools/avr/bin/../lib/gcc/../../lib/gcc/avr/5.4.0/../../../../avr/include/c++/5.4.0/avr"
ignoring nonexistent directory "/home/shchuko/.user_apps/arduino-1.8.9/hardware/tools/avr/bin/../lib/gcc/../../lib/gcc/avr/5.4.0/../../../../avr/include/c++/5.4.0/backward"
ignoring duplicate directory "/home/shchuko/.user_apps/arduino-1.8.9/hardware/tools/avr/bin/../lib/gcc/../../lib/gcc/avr/5.4.0/include"
ignoring duplicate directory "/home/shchuko/.user_apps/arduino-1.8.9/hardware/tools/avr/bin/../lib/gcc/../../lib/gcc/avr/5.4.0/include-fixed"
ignoring nonexistent directory "/home/shchuko/.user_apps/arduino-1.8.9/hardware/tools/avr/bin/../lib/gcc/../../lib/gcc/avr/5.4.0/../../../../avr/sys-include"
ignoring duplicate directory "/home/shchuko/.user_apps/arduino-1.8.9/hardware/tools/avr/bin/../lib/gcc/../../lib/gcc/avr/5.4.0/../../../../avr/include"
#include "..." search starts here:
#include <...> search starts here:
 /home/shchuko/.user_apps/arduino-1.8.9/hardware/tools/avr/bin/../lib/gcc/avr/5.4.0/include
 /home/shchuko/.user_apps/arduino-1.8.9/hardware/tools/avr/bin/../lib/gcc/avr/5.4.0/include-fixed
 /home/shchuko/.user_apps/arduino-1.8.9/hardware/tools/avr/bin/../lib/gcc/avr/5.4.0/../../../../avr/include
End of search list.
GNU C++ (GCC) version 5.4.0 (avr)
	compiled by GNU C version 4.7.2, GMP version 5.0.2, MPFR version 3.0.0, MPC version 0.9
GGC heuristics: --param ggc-min-expand=100 --param ggc-min-heapsize=131072
Compiler executable checksum: 2807235df8e4e1c1f4596ebd9fe8926b
COLLECT_GCC_OPTIONS='-g' '-Os' '-w' '-fno-exceptions' '-ffunction-sections' '-fdata-sections' '-fno-threadsafe-statics' '-MMD' '-v' '-o' 'CMakeFiles/cmTC_a67c3.dir/CMakeCXXCompilerABI.cpp.obj' '-c' '-specs=device-specs/specs-avr2'
 /home/shchuko/.user_apps/arduino-1.8.9/hardware/tools/avr/bin/../lib/gcc/avr/5.4.0/../../../../avr/bin/as -mmcu=avr2 -o CMakeFiles/cmTC_a67c3.dir/CMakeCXXCompilerABI.cpp.obj /tmp/ccmCxXL7.s
COMPILER_PATH=/home/shchuko/.user_apps/arduino-1.8.9/hardware/tools/avr/bin/../libexec/gcc/avr/5.4.0/:/home/shchuko/.user_apps/arduino-1.8.9/hardware/tools/avr/bin/../libexec/gcc/:/home/shchuko/.user_apps/arduino-1.8.9/hardware/tools/avr/bin/../lib/gcc/avr/5.4.0/../../../../avr/bin/
LIBRARY_PATH=/home/shchuko/.user_apps/arduino-1.8.9/hardware/tools/avr/bin/../lib/gcc/avr/5.4.0/:/home/shchuko/.user_apps/arduino-1.8.9/hardware/tools/avr/bin/../lib/gcc/:/home/shchuko/.user_apps/arduino-1.8.9/hardware/tools/avr/bin/../lib/gcc/avr/5.4.0/../../../../avr/lib/
COLLECT_GCC_OPTIONS='-g' '-Os' '-w' '-fno-exceptions' '-ffunction-sections' '-fdata-sections' '-fno-threadsafe-statics' '-MMD' '-v' '-o' 'CMakeFiles/cmTC_a67c3.dir/CMakeCXXCompilerABI.cpp.obj' '-c' '-specs=device-specs/specs-avr2'
Linking CXX executable cmTC_a67c3
/home/shchuko/.user_apps/clion-2018.3.4/bin/cmake/linux/bin/cmake -E cmake_link_script CMakeFiles/cmTC_a67c3.dir/link.txt --verbose=1
/home/shchuko/.user_apps/arduino-1.8.9/hardware/tools/avr/bin/avr-g++  -g -Os -w -fno-exceptions -ffunction-sections -fdata-sections -fno-threadsafe-statics -MMD   -w -Os -Wl,--gc-sections -v CMakeFiles/cmTC_a67c3.dir/CMakeCXXCompilerABI.cpp.obj  -o cmTC_a67c3 
Using built-in specs.
Reading specs from /home/shchuko/.user_apps/arduino-1.8.9/hardware/tools/avr/bin/../lib/gcc/avr/5.4.0/device-specs/specs-avr2
COLLECT_GCC=/home/shchuko/.user_apps/arduino-1.8.9/hardware/tools/avr/bin/avr-g++
COLLECT_LTO_WRAPPER=/home/shchuko/.user_apps/arduino-1.8.9/hardware/tools/avr/bin/../libexec/gcc/avr/5.4.0/lto-wrapper
Target: avr
Configured with: ../gcc/configure --enable-fixed-point --enable-languages=c,c++ --prefix=/home/jenkins/workspace/avr-gcc-staging/label/debian7-x86_64/objdir --disable-nls --disable-libssp --disable-libada --disable-shared --with-avrlibc=yes --with-dwarf2 --disable-doc --target=avr
Thread model: single
gcc version 5.4.0 (GCC) 
COMPILER_PATH=/home/shchuko/.user_apps/arduino-1.8.9/hardware/tools/avr/bin/../libexec/gcc/avr/5.4.0/:/home/shchuko/.user_apps/arduino-1.8.9/hardware/tools/avr/bin/../libexec/gcc/:/home/shchuko/.user_apps/arduino-1.8.9/hardware/tools/avr/bin/../lib/gcc/avr/5.4.0/../../../../avr/bin/
LIBRARY_PATH=/home/shchuko/.user_apps/arduino-1.8.9/hardware/tools/avr/bin/../lib/gcc/avr/5.4.0/:/home/shchuko/.user_apps/arduino-1.8.9/hardware/tools/avr/bin/../lib/gcc/:/home/shchuko/.user_apps/arduino-1.8.9/hardware/tools/avr/bin/../lib/gcc/avr/5.4.0/../../../../avr/lib/
COLLECT_GCC_OPTIONS='-g' '-Os' '-w' '-fno-exceptions' '-ffunction-sections' '-fdata-sections' '-fno-threadsafe-statics' '-MMD' '-w' '-Os' '-v' '-o' 'cmTC_a67c3' '-specs=device-specs/specs-avr2'
 /home/shchuko/.user_apps/arduino-1.8.9/hardware/tools/avr/bin/../libexec/gcc/avr/5.4.0/collect2 -plugin /home/shchuko/.user_apps/arduino-1.8.9/hardware/tools/avr/bin/../libexec/gcc/avr/5.4.0/liblto_plugin.so -plugin-opt=/home/shchuko/.user_apps/arduino-1.8.9/hardware/tools/avr/bin/../libexec/gcc/avr/5.4.0/lto-wrapper -plugin-opt=-fresolution=/tmp/ccO1BIcc.res -plugin-opt=-pass-through=-lgcc -plugin-opt=-pass-through=-lm -plugin-opt=-pass-through=-lc --pmem-wrap-around=8k -o cmTC_a67c3 -L/home/shchuko/.user_apps/arduino-1.8.9/hardware/tools/avr/bin/../lib/gcc/avr/5.4.0 -L/home/shchuko/.user_apps/arduino-1.8.9/hardware/tools/avr/bin/../lib/gcc -L/home/shchuko/.user_apps/arduino-1.8.9/hardware/tools/avr/bin/../lib/gcc/avr/5.4.0/../../../../avr/lib --gc-sections CMakeFiles/cmTC_a67c3.dir/CMakeCXXCompilerABI.cpp.obj -lgcc -lm --start-group -lgcc -lm -lc --end-group
make[1]: Leaving directory '/home/shchuko/P/Arduino/BusyBoard/src/cmake-build-debug/CMakeFiles/CMakeTmp'


Parsed CXX implicit include dir info from above output: rv=done
  found start of include info
  found start of implicit include info
    add: [/home/shchuko/.user_apps/arduino-1.8.9/hardware/tools/avr/bin/../lib/gcc/avr/5.4.0/include]
    add: [/home/shchuko/.user_apps/arduino-1.8.9/hardware/tools/avr/bin/../lib/gcc/avr/5.4.0/include-fixed]
    add: [/home/shchuko/.user_apps/arduino-1.8.9/hardware/tools/avr/bin/../lib/gcc/avr/5.4.0/../../../../avr/include]
  end of search list found
  collapse include dir [/home/shchuko/.user_apps/arduino-1.8.9/hardware/tools/avr/bin/../lib/gcc/avr/5.4.0/include] ==> [/home/shchuko/.user_apps/arduino-1.8.9/hardware/tools/avr/lib/gcc/avr/5.4.0/include]
  collapse include dir [/home/shchuko/.user_apps/arduino-1.8.9/hardware/tools/avr/bin/../lib/gcc/avr/5.4.0/include-fixed] ==> [/home/shchuko/.user_apps/arduino-1.8.9/hardware/tools/avr/lib/gcc/avr/5.4.0/include-fixed]
  collapse include dir [/home/shchuko/.user_apps/arduino-1.8.9/hardware/tools/avr/bin/../lib/gcc/avr/5.4.0/../../../../avr/include] ==> [/home/shchuko/.user_apps/arduino-1.8.9/hardware/tools/avr/avr/include]
  implicit include dirs: [/home/shchuko/.user_apps/arduino-1.8.9/hardware/tools/avr/lib/gcc/avr/5.4.0/include;/home/shchuko/.user_apps/arduino-1.8.9/hardware/tools/avr/lib/gcc/avr/5.4.0/include-fixed;/home/shchuko/.user_apps/arduino-1.8.9/hardware/tools/avr/avr/include]


Parsed CXX implicit link information from above output:
  link line regex: [^( *|.*[/\])(avr-ld|CMAKE_LINK_STARTFILE-NOTFOUND|([^/\]+-)?ld|collect2)[^/\]*( |$)]
  ignore line: [Change Dir: /home/shchuko/P/Arduino/BusyBoard/src/cmake-build-debug/CMakeFiles/CMakeTmp]
  ignore line: []
  ignore line: [Run Build Command(s):/usr/bin/make cmTC_a67c3/fast ]
  ignore line: [/usr/bin/make -f CMakeFiles/cmTC_a67c3.dir/build.make CMakeFiles/cmTC_a67c3.dir/build]
  ignore line: [make[1]: Entering directory '/home/shchuko/P/Arduino/BusyBoard/src/cmake-build-debug/CMakeFiles/CMakeTmp']
  ignore line: [Building CXX object CMakeFiles/cmTC_a67c3.dir/CMakeCXXCompilerABI.cpp.obj]
  ignore line: [/home/shchuko/.user_apps/arduino-1.8.9/hardware/tools/avr/bin/avr-g++    -g -Os -w -fno-exceptions -ffunction-sections -fdata-sections -fno-threadsafe-statics -MMD    -v -o CMakeFiles/cmTC_a67c3.dir/CMakeCXXCompilerABI.cpp.obj -c /home/shchuko/.user_apps/clion-2018.3.4/bin/cmake/linux/share/cmake-3.14/Modules/CMakeCXXCompilerABI.cpp]
  ignore line: [Using built-in specs.]
  ignore line: [Reading specs from /home/shchuko/.user_apps/arduino-1.8.9/hardware/tools/avr/bin/../lib/gcc/avr/5.4.0/device-specs/specs-avr2]
  ignore line: [COLLECT_GCC=/home/shchuko/.user_apps/arduino-1.8.9/hardware/tools/avr/bin/avr-g++]
  ignore line: [Target: avr]
  ignore line: [Configured with: ../gcc/configure --enable-fixed-point --enable-languages=c,c++ --prefix=/home/jenkins/workspace/avr-gcc-staging/label/debian7-x86_64/objdir --disable-nls --disable-libssp --disable-libada --disable-shared --with-avrlibc=yes --with-dwarf2 --disable-doc --target=avr]
  ignore line: [Thread model: single]
  ignore line: [gcc version 5.4.0 (GCC) ]
  ignore line: [COLLECT_GCC_OPTIONS='-g' '-Os' '-w' '-fno-exceptions' '-ffunction-sections' '-fdata-sections' '-fno-threadsafe-statics' '-MMD' '-v' '-o' 'CMakeFiles/cmTC_a67c3.dir/CMakeCXXCompilerABI.cpp.obj' '-c' '-specs=device-specs/specs-avr2']
  ignore line: [ /home/shchuko/.user_apps/arduino-1.8.9/hardware/tools/avr/bin/../libexec/gcc/avr/5.4.0/cc1plus -quiet -v -iprefix /home/shchuko/.user_apps/arduino-1.8.9/hardware/tools/avr/bin/../lib/gcc/avr/5.4.0/ -MMD CMakeFiles/cmTC_a67c3.dir/CMakeCXXCompilerABI.cpp.d -MQ CMakeFiles/cmTC_a67c3.dir/CMakeCXXCompilerABI.cpp.obj /home/shchuko/.user_apps/clion-2018.3.4/bin/cmake/linux/share/cmake-3.14/Modules/CMakeCXXCompilerABI.cpp -mn-flash=1 -mskip-bug -quiet -dumpbase CMakeCXXCompilerABI.cpp -auxbase-strip CMakeFiles/cmTC_a67c3.dir/CMakeCXXCompilerABI.cpp.obj -g -Os -w -version -fno-exceptions -ffunction-sections -fdata-sections -fno-threadsafe-statics -mn-flash=1 -mskip-bug -fno-rtti -fno-enforce-eh-specs -fno-exceptions -o /tmp/ccmCxXL7.s]
  ignore line: [GNU C++ (GCC) version 5.4.0 (avr)]
  ignore line: [	compiled by GNU C version 4.7.2, GMP version 5.0.2, MPFR version 3.0.0, MPC version 0.9]
  ignore line: [GGC heuristics: --param ggc-min-expand=100 --param ggc-min-heapsize=131072]
  ignore line: [ignoring nonexistent directory "/home/shchuko/.user_apps/arduino-1.8.9/hardware/tools/avr/bin/../lib/gcc/avr/5.4.0/../../../../avr/include/c++/5.4.0"]
  ignore line: [ignoring nonexistent directory "/home/shchuko/.user_apps/arduino-1.8.9/hardware/tools/avr/bin/../lib/gcc/avr/5.4.0/../../../../avr/include/c++/5.4.0/avr"]
  ignore line: [ignoring nonexistent directory "/home/shchuko/.user_apps/arduino-1.8.9/hardware/tools/avr/bin/../lib/gcc/avr/5.4.0/../../../../avr/include/c++/5.4.0/backward"]
  ignore line: [ignoring nonexistent directory "/home/shchuko/.user_apps/arduino-1.8.9/hardware/tools/avr/bin/../lib/gcc/avr/5.4.0/../../../../avr/sys-include"]
  ignore line: [ignoring nonexistent directory "/home/shchuko/.user_apps/arduino-1.8.9/hardware/tools/avr/bin/../lib/gcc/../../lib/gcc/avr/5.4.0/../../../../avr/include/c++/5.4.0"]
  ignore line: [ignoring nonexistent directory "/home/shchuko/.user_apps/arduino-1.8.9/hardware/tools/avr/bin/../lib/gcc/../../lib/gcc/avr/5.4.0/../../../../avr/include/c++/5.4.0/avr"]
  ignore line: [ignoring nonexistent directory "/home/shchuko/.user_apps/arduino-1.8.9/hardware/tools/avr/bin/../lib/gcc/../../lib/gcc/avr/5.4.0/../../../../avr/include/c++/5.4.0/backward"]
  ignore line: [ignoring duplicate directory "/home/shchuko/.user_apps/arduino-1.8.9/hardware/tools/avr/bin/../lib/gcc/../../lib/gcc/avr/5.4.0/include"]
  ignore line: [ignoring duplicate directory "/home/shchuko/.user_apps/arduino-1.8.9/hardware/tools/avr/bin/../lib/gcc/../../lib/gcc/avr/5.4.0/include-fixed"]
  ignore line: [ignoring nonexistent directory "/home/shchuko/.user_apps/arduino-1.8.9/hardware/tools/avr/bin/../lib/gcc/../../lib/gcc/avr/5.4.0/../../../../avr/sys-include"]
  ignore line: [ignoring duplicate directory "/home/shchuko/.user_apps/arduino-1.8.9/hardware/tools/avr/bin/../lib/gcc/../../lib/gcc/avr/5.4.0/../../../../avr/include"]
  ignore line: [#include "..." search starts here:]
  ignore line: [#include <...> search starts here:]
  ignore line: [ /home/shchuko/.user_apps/arduino-1.8.9/hardware/tools/avr/bin/../lib/gcc/avr/5.4.0/include]
  ignore line: [ /home/shchuko/.user_apps/arduino-1.8.9/hardware/tools/avr/bin/../lib/gcc/avr/5.4.0/include-fixed]
  ignore line: [ /home/shchuko/.user_apps/arduino-1.8.9/hardware/tools/avr/bin/../lib/gcc/avr/5.4.0/../../../../avr/include]
  ignore line: [End of search list.]
  ignore line: [GNU C++ (GCC) version 5.4.0 (avr)]
  ignore line: [	compiled by GNU C version 4.7.2, GMP version 5.0.2, MPFR version 3.0.0, MPC version 0.9]
  ignore line: [GGC heuristics: --param ggc-min-expand=100 --param ggc-min-heapsize=131072]
  ignore line: [Compiler executable checksum: 2807235df8e4e1c1f4596ebd9fe8926b]
  ignore line: [COLLECT_GCC_OPTIONS='-g' '-Os' '-w' '-fno-exceptions' '-ffunction-sections' '-fdata-sections' '-fno-threadsafe-statics' '-MMD' '-v' '-o' 'CMakeFiles/cmTC_a67c3.dir/CMakeCXXCompilerABI.cpp.obj' '-c' '-specs=device-specs/specs-avr2']
  ignore line: [ /home/shchuko/.user_apps/arduino-1.8.9/hardware/tools/avr/bin/../lib/gcc/avr/5.4.0/../../../../avr/bin/as -mmcu=avr2 -o CMakeFiles/cmTC_a67c3.dir/CMakeCXXCompilerABI.cpp.obj /tmp/ccmCxXL7.s]
  ignore line: [COMPILER_PATH=/home/shchuko/.user_apps/arduino-1.8.9/hardware/tools/avr/bin/../libexec/gcc/avr/5.4.0/:/home/shchuko/.user_apps/arduino-1.8.9/hardware/tools/avr/bin/../libexec/gcc/:/home/shchuko/.user_apps/arduino-1.8.9/hardware/tools/avr/bin/../lib/gcc/avr/5.4.0/../../../../avr/bin/]
  ignore line: [LIBRARY_PATH=/home/shchuko/.user_apps/arduino-1.8.9/hardware/tools/avr/bin/../lib/gcc/avr/5.4.0/:/home/shchuko/.user_apps/arduino-1.8.9/hardware/tools/avr/bin/../lib/gcc/:/home/shchuko/.user_apps/arduino-1.8.9/hardware/tools/avr/bin/../lib/gcc/avr/5.4.0/../../../../avr/lib/]
  ignore line: [COLLECT_GCC_OPTIONS='-g' '-Os' '-w' '-fno-exceptions' '-ffunction-sections' '-fdata-sections' '-fno-threadsafe-statics' '-MMD' '-v' '-o' 'CMakeFiles/cmTC_a67c3.dir/CMakeCXXCompilerABI.cpp.obj' '-c' '-specs=device-specs/specs-avr2']
  ignore line: [Linking CXX executable cmTC_a67c3]
  ignore line: [/home/shchuko/.user_apps/clion-2018.3.4/bin/cmake/linux/bin/cmake -E cmake_link_script CMakeFiles/cmTC_a67c3.dir/link.txt --verbose=1]
  ignore line: [/home/shchuko/.user_apps/arduino-1.8.9/hardware/tools/avr/bin/avr-g++  -g -Os -w -fno-exceptions -ffunction-sections -fdata-sections -fno-threadsafe-statics -MMD   -w -Os -Wl,--gc-sections -v CMakeFiles/cmTC_a67c3.dir/CMakeCXXCompilerABI.cpp.obj  -o cmTC_a67c3 ]
  ignore line: [Using built-in specs.]
  ignore line: [Reading specs from /home/shchuko/.user_apps/arduino-1.8.9/hardware/tools/avr/bin/../lib/gcc/avr/5.4.0/device-specs/specs-avr2]
  ignore line: [COLLECT_GCC=/home/shchuko/.user_apps/arduino-1.8.9/hardware/tools/avr/bin/avr-g++]
  ignore line: [COLLECT_LTO_WRAPPER=/home/shchuko/.user_apps/arduino-1.8.9/hardware/tools/avr/bin/../libexec/gcc/avr/5.4.0/lto-wrapper]
  ignore line: [Target: avr]
  ignore line: [Configured with: ../gcc/configure --enable-fixed-point --enable-languages=c,c++ --prefix=/home/jenkins/workspace/avr-gcc-staging/label/debian7-x86_64/objdir --disable-nls --disable-libssp --disable-libada --disable-shared --with-avrlibc=yes --with-dwarf2 --disable-doc --target=avr]
  ignore line: [Thread model: single]
  ignore line: [gcc version 5.4.0 (GCC) ]
  ignore line: [COMPILER_PATH=/home/shchuko/.user_apps/arduino-1.8.9/hardware/tools/avr/bin/../libexec/gcc/avr/5.4.0/:/home/shchuko/.user_apps/arduino-1.8.9/hardware/tools/avr/bin/../libexec/gcc/:/home/shchuko/.user_apps/arduino-1.8.9/hardware/tools/avr/bin/../lib/gcc/avr/5.4.0/../../../../avr/bin/]
  ignore line: [LIBRARY_PATH=/home/shchuko/.user_apps/arduino-1.8.9/hardware/tools/avr/bin/../lib/gcc/avr/5.4.0/:/home/shchuko/.user_apps/arduino-1.8.9/hardware/tools/avr/bin/../lib/gcc/:/home/shchuko/.user_apps/arduino-1.8.9/hardware/tools/avr/bin/../lib/gcc/avr/5.4.0/../../../../avr/lib/]
  ignore line: [COLLECT_GCC_OPTIONS='-g' '-Os' '-w' '-fno-exceptions' '-ffunction-sections' '-fdata-sections' '-fno-threadsafe-statics' '-MMD' '-w' '-Os' '-v' '-o' 'cmTC_a67c3' '-specs=device-specs/specs-avr2']
  link line: [ /home/shchuko/.user_apps/arduino-1.8.9/hardware/tools/avr/bin/../libexec/gcc/avr/5.4.0/collect2 -plugin /home/shchuko/.user_apps/arduino-1.8.9/hardware/tools/avr/bin/../libexec/gcc/avr/5.4.0/liblto_plugin.so -plugin-opt=/home/shchuko/.user_apps/arduino-1.8.9/hardware/tools/avr/bin/../libexec/gcc/avr/5.4.0/lto-wrapper -plugin-opt=-fresolution=/tmp/ccO1BIcc.res -plugin-opt=-pass-through=-lgcc -plugin-opt=-pass-through=-lm -plugin-opt=-pass-through=-lc --pmem-wrap-around=8k -o cmTC_a67c3 -L/home/shchuko/.user_apps/arduino-1.8.9/hardware/tools/avr/bin/../lib/gcc/avr/5.4.0 -L/home/shchuko/.user_apps/arduino-1.8.9/hardware/tools/avr/bin/../lib/gcc -L/home/shchuko/.user_apps/arduino-1.8.9/hardware/tools/avr/bin/../lib/gcc/avr/5.4.0/../../../../avr/lib --gc-sections CMakeFiles/cmTC_a67c3.dir/CMakeCXXCompilerABI.cpp.obj -lgcc -lm --start-group -lgcc -lm -lc --end-group]
    arg [/home/shchuko/.user_apps/arduino-1.8.9/hardware/tools/avr/bin/../libexec/gcc/avr/5.4.0/collect2] ==> ignore
    arg [-plugin] ==> ignore
    arg [/home/shchuko/.user_apps/arduino-1.8.9/hardware/tools/avr/bin/../libexec/gcc/avr/5.4.0/liblto_plugin.so] ==> ignore
    arg [-plugin-opt=/home/shchuko/.user_apps/arduino-1.8.9/hardware/tools/avr/bin/../libexec/gcc/avr/5.4.0/lto-wrapper] ==> ignore
    arg [-plugin-opt=-fresolution=/tmp/ccO1BIcc.res] ==> ignore
    arg [-plugin-opt=-pass-through=-lgcc] ==> ignore
    arg [-plugin-opt=-pass-through=-lm] ==> ignore
    arg [-plugin-opt=-pass-through=-lc] ==> ignore
    arg [--pmem-wrap-around=8k] ==> ignore
    arg [-o] ==> ignore
    arg [cmTC_a67c3] ==> ignore
    arg [-L/home/shchuko/.user_apps/arduino-1.8.9/hardware/tools/avr/bin/../lib/gcc/avr/5.4.0] ==> dir [/home/shchuko/.user_apps/arduino-1.8.9/hardware/tools/avr/bin/../lib/gcc/avr/5.4.0]
    arg [-L/home/shchuko/.user_apps/arduino-1.8.9/hardware/tools/avr/bin/../lib/gcc] ==> dir [/home/shchuko/.user_apps/arduino-1.8.9/hardware/tools/avr/bin/../lib/gcc]
    arg [-L/home/shchuko/.user_apps/arduino-1.8.9/hardware/tools/avr/bin/../lib/gcc/avr/5.4.0/../../../../avr/lib] ==> dir [/home/shchuko/.user_apps/arduino-1.8.9/hardware/tools/avr/bin/../lib/gcc/avr/5.4.0/../../../../avr/lib]
    arg [--gc-sections] ==> ignore
    arg [CMakeFiles/cmTC_a67c3.dir/CMakeCXXCompilerABI.cpp.obj] ==> ignore
    arg [-lgcc] ==> lib [gcc]
    arg [-lm] ==> lib [m]
    arg [--start-group] ==> ignore
    arg [-lgcc] ==> lib [gcc]
    arg [-lm] ==> lib [m]
    arg [-lc] ==> lib [c]
    arg [--end-group] ==> ignore
  collapse library dir [/home/shchuko/.user_apps/arduino-1.8.9/hardware/tools/avr/bin/../lib/gcc/avr/5.4.0] ==> [/home/shchuko/.user_apps/arduino-1.8.9/hardware/tools/avr/lib/gcc/avr/5.4.0]
  collapse library dir [/home/shchuko/.user_apps/arduino-1.8.9/hardware/tools/avr/bin/../lib/gcc] ==> [/home/shchuko/.user_apps/arduino-1.8.9/hardware/tools/avr/lib/gcc]
  collapse library dir [/home/shchuko/.user_apps/arduino-1.8.9/hardware/tools/avr/bin/../lib/gcc/avr/5.4.0/../../../../avr/lib] ==> [/home/shchuko/.user_apps/arduino-1.8.9/hardware/tools/avr/avr/lib]
  implicit libs: [gcc;m;gcc;m;c]
  implicit dirs: [/home/shchuko/.user_apps/arduino-1.8.9/hardware/tools/avr/lib/gcc/avr/5.4.0;/home/shchuko/.user_apps/arduino-1.8.9/hardware/tools/avr/lib/gcc;/home/shchuko/.user_apps/arduino-1.8.9/hardware/tools/avr/avr/lib]
  implicit fwks: []




Detecting CXX [-std=c++1z] compiler features compiled with the following output:
Change Dir: /home/shchuko/P/Arduino/BusyBoard/src/cmake-build-debug/CMakeFiles/CMakeTmp

Run Build Command(s):/usr/bin/make cmTC_c4b87/fast 
/usr/bin/make -f CMakeFiles/cmTC_c4b87.dir/build.make CMakeFiles/cmTC_c4b87.dir/build
make[1]: Entering directory '/home/shchuko/P/Arduino/BusyBoard/src/cmake-build-debug/CMakeFiles/CMakeTmp'
Building CXX object CMakeFiles/cmTC_c4b87.dir/feature_tests.cxx.obj
/home/shchuko/.user_apps/arduino-1.8.9/hardware/tools/avr/bin/avr-g++    -g -Os -w -fno-exceptions -ffunction-sections -fdata-sections -fno-threadsafe-statics -MMD    -std=c++1z -o CMakeFiles/cmTC_c4b87.dir/feature_tests.cxx.obj -c /home/shchuko/P/Arduino/BusyBoard/src/cmake-build-debug/CMakeFiles/feature_tests.cxx
Linking CXX executable cmTC_c4b87
/home/shchuko/.user_apps/clion-2018.3.4/bin/cmake/linux/bin/cmake -E cmake_link_script CMakeFiles/cmTC_c4b87.dir/link.txt --verbose=1
/home/shchuko/.user_apps/arduino-1.8.9/hardware/tools/avr/bin/avr-g++  -g -Os -w -fno-exceptions -ffunction-sections -fdata-sections -fno-threadsafe-statics -MMD   -w -Os -Wl,--gc-sections  CMakeFiles/cmTC_c4b87.dir/feature_tests.cxx.obj  -o cmTC_c4b87 
make[1]: Leaving directory '/home/shchuko/P/Arduino/BusyBoard/src/cmake-build-debug/CMakeFiles/CMakeTmp'




Detecting CXX [-std=c++14] compiler features compiled with the following output:
Change Dir: /home/shchuko/P/Arduino/BusyBoard/src/cmake-build-debug/CMakeFiles/CMakeTmp

Run Build Command(s):/usr/bin/make cmTC_a121f/fast 
/usr/bin/make -f CMakeFiles/cmTC_a121f.dir/build.make CMakeFiles/cmTC_a121f.dir/build
make[1]: Entering directory '/home/shchuko/P/Arduino/BusyBoard/src/cmake-build-debug/CMakeFiles/CMakeTmp'
Building CXX object CMakeFiles/cmTC_a121f.dir/feature_tests.cxx.obj
/home/shchuko/.user_apps/arduino-1.8.9/hardware/tools/avr/bin/avr-g++    -g -Os -w -fno-exceptions -ffunction-sections -fdata-sections -fno-threadsafe-statics -MMD    -std=c++14 -o CMakeFiles/cmTC_a121f.dir/feature_tests.cxx.obj -c /home/shchuko/P/Arduino/BusyBoard/src/cmake-build-debug/CMakeFiles/feature_tests.cxx
Linking CXX executable cmTC_a121f
/home/shchuko/.user_apps/clion-2018.3.4/bin/cmake/linux/bin/cmake -E cmake_link_script CMakeFiles/cmTC_a121f.dir/link.txt --verbose=1
/home/shchuko/.user_apps/arduino-1.8.9/hardware/tools/avr/bin/avr-g++  -g -Os -w -fno-exceptions -ffunction-sections -fdata-sections -fno-threadsafe-statics -MMD   -w -Os -Wl,--gc-sections  CMakeFiles/cmTC_a121f.dir/feature_tests.cxx.obj  -o cmTC_a121f 
make[1]: Leaving directory '/home/shchuko/P/Arduino/BusyBoard/src/cmake-build-debug/CMakeFiles/CMakeTmp'




Detecting CXX [-std=c++11] compiler features compiled with the following output:
Change Dir: /home/shchuko/P/Arduino/BusyBoard/src/cmake-build-debug/CMakeFiles/CMakeTmp

Run Build Command(s):/usr/bin/make cmTC_094c4/fast 
/usr/bin/make -f CMakeFiles/cmTC_094c4.dir/build.make CMakeFiles/cmTC_094c4.dir/build
make[1]: Entering directory '/home/shchuko/P/Arduino/BusyBoard/src/cmake-build-debug/CMakeFiles/CMakeTmp'
Building CXX object CMakeFiles/cmTC_094c4.dir/feature_tests.cxx.obj
/home/shchuko/.user_apps/arduino-1.8.9/hardware/tools/avr/bin/avr-g++    -g -Os -w -fno-exceptions -ffunction-sections -fdata-sections -fno-threadsafe-statics -MMD    -std=c++11 -o CMakeFiles/cmTC_094c4.dir/feature_tests.cxx.obj -c /home/shchuko/P/Arduino/BusyBoard/src/cmake-build-debug/CMakeFiles/feature_tests.cxx
Linking CXX executable cmTC_094c4
/home/shchuko/.user_apps/clion-2018.3.4/bin/cmake/linux/bin/cmake -E cmake_link_script CMakeFiles/cmTC_094c4.dir/link.txt --verbose=1
/home/shchuko/.user_apps/arduino-1.8.9/hardware/tools/avr/bin/avr-g++  -g -Os -w -fno-exceptions -ffunction-sections -fdata-sections -fno-threadsafe-statics -MMD   -w -Os -Wl,--gc-sections  CMakeFiles/cmTC_094c4.dir/feature_tests.cxx.obj  -o cmTC_094c4 
make[1]: Leaving directory '/home/shchuko/P/Arduino/BusyBoard/src/cmake-build-debug/CMakeFiles/CMakeTmp'




Detecting CXX [-std=c++98] compiler features compiled with the following output:
Change Dir: /home/shchuko/P/Arduino/BusyBoard/src/cmake-build-debug/CMakeFiles/CMakeTmp

Run Build Command(s):/usr/bin/make cmTC_573df/fast 
/usr/bin/make -f CMakeFiles/cmTC_573df.dir/build.make CMakeFiles/cmTC_573df.dir/build
make[1]: Entering directory '/home/shchuko/P/Arduino/BusyBoard/src/cmake-build-debug/CMakeFiles/CMakeTmp'
Building CXX object CMakeFiles/cmTC_573df.dir/feature_tests.cxx.obj
/home/shchuko/.user_apps/arduino-1.8.9/hardware/tools/avr/bin/avr-g++    -g -Os -w -fno-exceptions -ffunction-sections -fdata-sections -fno-threadsafe-statics -MMD    -std=c++98 -o CMakeFiles/cmTC_573df.dir/feature_tests.cxx.obj -c /home/shchuko/P/Arduino/BusyBoard/src/cmake-build-debug/CMakeFiles/feature_tests.cxx
Linking CXX executable cmTC_573df
/home/shchuko/.user_apps/clion-2018.3.4/bin/cmake/linux/bin/cmake -E cmake_link_script CMakeFiles/cmTC_573df.dir/link.txt --verbose=1
/home/shchuko/.user_apps/arduino-1.8.9/hardware/tools/avr/bin/avr-g++  -g -Os -w -fno-exceptions -ffunction-sections -fdata-sections -fno-threadsafe-statics -MMD   -w -Os -Wl,--gc-sections  CMakeFiles/cmTC_573df.dir/feature_tests.cxx.obj  -o cmTC_573df 
make[1]: Leaving directory '/home/shchuko/P/Arduino/BusyBoard/src/cmake-build-debug/CMakeFiles/CMakeTmp'


